[debug] [2021-04-25T08:34:59.265Z] ----------------------------------------------------------------------
[debug] [2021-04-25T08:34:59.270Z] Command:       C:\Program Files (x86)\nodejs\node.exe C:\Users\nagarjuna.m.n\AppData\Roaming\npm\node_modules\firebase-tools\lib\bin\firebase.js login
[debug] [2021-04-25T08:34:59.270Z] CLI Version:   9.10.0
[debug] [2021-04-25T08:34:59.270Z] Platform:      win32
[debug] [2021-04-25T08:34:59.271Z] Node Version:  v12.13.1
[debug] [2021-04-25T08:34:59.272Z] Time:          Sun Apr 25 2021 14:04:59 GMT+0530 (India Standard Time)
[debug] [2021-04-25T08:34:59.273Z] ----------------------------------------------------------------------
[debug] 
[info] i  Firebase optionally collects CLI usage and error reporting information to help improve our products. Data is collected in accordance with Google's privacy policy (https://policies.google.com/privacy) and is not used to identify you.
 
[info] i  To change your data collection preference at any time, run `firebase logout` and log in again. 
[info] 
[info] Visit this URL on this device to log in:
[info] https://accounts.google.com/o/oauth2/auth?client_id=563584335869-fgrhgmd47bqnekij5i8b5pr03ho849e6.apps.googleusercontent.com&scope=email%20openid%20https%3A%2F%2Fwww.googleapis.com%2Fauth%2Fcloudplatformprojects.readonly%20https%3A%2F%2Fwww.googleapis.com%2Fauth%2Ffirebase%20https%3A%2F%2Fwww.googleapis.com%2Fauth%2Fcloud-platform&response_type=code&state=465837034&redirect_uri=http%3A%2F%2Flocalhost%3A9005
[info] 
[info] Waiting for authentication...
[debug] [2021-04-25T08:35:03.300Z] Error: spawn cmd ENOENT
    at Process.ChildProcess._handle.onexit (internal/child_process.js:264:19)
    at onErrorNT (internal/child_process.js:456:16)
    at processTicksAndRejections (internal/process/task_queues.js:80:21)
[error] 
[error] Error: An unexpected error has occurred.
[debug] [2021-04-25T08:38:32.102Z] ----------------------------------------------------------------------
[debug] [2021-04-25T08:38:32.106Z] Command:       C:\Program Files (x86)\nodejs\node.exe C:\Users\nagarjuna.m.n\AppData\Roaming\npm\node_modules\firebase-tools\lib\bin\firebase.js login --no-localhost
[debug] [2021-04-25T08:38:32.106Z] CLI Version:   9.10.0
[debug] [2021-04-25T08:38:32.106Z] Platform:      win32
[debug] [2021-04-25T08:38:32.106Z] Node Version:  v12.13.1
[debug] [2021-04-25T08:38:32.108Z] Time:          Sun Apr 25 2021 14:08:32 GMT+0530 (India Standard Time)
[debug] [2021-04-25T08:38:32.109Z] ----------------------------------------------------------------------
[debug] 
[info] i  Firebase optionally collects CLI usage and error reporting information to help improve our products. Data is collected in accordance with Google's privacy policy (https://policies.google.com/privacy) and is not used to identify you.
 
[info] i  To change your data collection preference at any time, run `firebase logout` and log in again. 
[info] 
[info] Visit this URL on any device to log in:
[info] https://accounts.google.com/o/oauth2/auth?client_id=563584335869-fgrhgmd47bqnekij5i8b5pr03ho849e6.apps.googleusercontent.com&scope=email%20openid%20https%3A%2F%2Fwww.googleapis.com%2Fauth%2Fcloudplatformprojects.readonly%20https%3A%2F%2Fwww.googleapis.com%2Fauth%2Ffirebase%20https%3A%2F%2Fwww.googleapis.com%2Fauth%2Fcloud-platform&response_type=code&state=390921672&redirect_uri=urn%3Aietf%3Awg%3Aoauth%3A2.0%3Aoob
[info] 
[debug] [2021-04-25T08:38:34.521Z] Error: spawn cmd ENOENT
    at Process.ChildProcess._handle.onexit (internal/child_process.js:264:19)
    at onErrorNT (internal/child_process.js:456:16)
    at processTicksAndRejections (internal/process/task_queues.js:80:21)
[error] 
[error] Error: An unexpected error has occurred.
[debug] [2021-04-25T08:40:32.985Z] ----------------------------------------------------------------------
[debug] [2021-04-25T08:40:32.989Z] Command:       C:\Program Files (x86)\nodejs\node.exe C:\Users\nagarjuna.m.n\AppData\Roaming\npm\node_modules\firebase-tools\lib\bin\firebase.js login --no-localhost
[debug] [2021-04-25T08:40:32.990Z] CLI Version:   9.10.0
[debug] [2021-04-25T08:40:32.990Z] Platform:      win32
[debug] [2021-04-25T08:40:32.990Z] Node Version:  v12.13.1
[debug] [2021-04-25T08:40:32.992Z] Time:          Sun Apr 25 2021 14:10:32 GMT+0530 (India Standard Time)
[debug] [2021-04-25T08:40:32.992Z] ----------------------------------------------------------------------
[debug] 
[info] i  Firebase optionally collects CLI usage and error reporting information to help improve our products. Data is collected in accordance with Google's privacy policy (https://policies.google.com/privacy) and is not used to identify you.
 
[info] i  To change your data collection preference at any time, run `firebase logout` and log in again. 
[info] 
[info] Visit this URL on any device to log in:
[info] https://accounts.google.com/o/oauth2/auth?client_id=563584335869-fgrhgmd47bqnekij5i8b5pr03ho849e6.apps.googleusercontent.com&scope=email%20openid%20https%3A%2F%2Fwww.googleapis.com%2Fauth%2Fcloudplatformprojects.readonly%20https%3A%2F%2Fwww.googleapis.com%2Fauth%2Ffirebase%20https%3A%2F%2Fwww.googleapis.com%2Fauth%2Fcloud-platform&response_type=code&state=205379366&redirect_uri=urn%3Aietf%3Awg%3Aoauth%3A2.0%3Aoob
[info] 
[debug] [2021-04-25T08:40:35.393Z] Error: spawn cmd ENOENT
    at Process.ChildProcess._handle.onexit (internal/child_process.js:264:19)
    at onErrorNT (internal/child_process.js:456:16)
    at processTicksAndRejections (internal/process/task_queues.js:80:21)
[error] 
[error] Error: An unexpected error has occurred.
[debug] [2021-04-25T08:41:49.327Z] ----------------------------------------------------------------------
[debug] [2021-04-25T08:41:49.331Z] Command:       C:\Program Files (x86)\nodejs\node.exe C:\Users\nagarjuna.m.n\AppData\Roaming\npm\node_modules\firebase-tools\lib\bin\firebase.js login
[debug] [2021-04-25T08:41:49.332Z] CLI Version:   9.10.0
[debug] [2021-04-25T08:41:49.332Z] Platform:      win32
[debug] [2021-04-25T08:41:49.332Z] Node Version:  v12.13.1
[debug] [2021-04-25T08:41:49.334Z] Time:          Sun Apr 25 2021 14:11:49 GMT+0530 (India Standard Time)
[debug] [2021-04-25T08:41:49.334Z] ----------------------------------------------------------------------
[debug] 
[info] i  Firebase optionally collects CLI usage and error reporting information to help improve our products. Data is collected in accordance with Google's privacy policy (https://policies.google.com/privacy) and is not used to identify you.
 
[info] i  To change your data collection preference at any time, run `firebase logout` and log in again. 
[info] 
[info] Visit this URL on this device to log in:
[info] https://accounts.google.com/o/oauth2/auth?client_id=563584335869-fgrhgmd47bqnekij5i8b5pr03ho849e6.apps.googleusercontent.com&scope=email%20openid%20https%3A%2F%2Fwww.googleapis.com%2Fauth%2Fcloudplatformprojects.readonly%20https%3A%2F%2Fwww.googleapis.com%2Fauth%2Ffirebase%20https%3A%2F%2Fwww.googleapis.com%2Fauth%2Fcloud-platform&response_type=code&state=342492138&redirect_uri=http%3A%2F%2Flocalhost%3A9005
[info] 
[info] Waiting for authentication...
[debug] [2021-04-25T08:41:52.292Z] Error: spawn cmd ENOENT
    at Process.ChildProcess._handle.onexit (internal/child_process.js:264:19)
    at onErrorNT (internal/child_process.js:456:16)
    at processTicksAndRejections (internal/process/task_queues.js:80:21)
[error] 
[error] Error: An unexpected error has occurred.
[debug] [2021-04-25T08:42:06.776Z] ----------------------------------------------------------------------
[debug] [2021-04-25T08:42:06.780Z] Command:       C:\Program Files (x86)\nodejs\node.exe C:\Users\nagarjuna.m.n\AppData\Roaming\npm\node_modules\firebase-tools\lib\bin\firebase.js login --no-localhost
[debug] [2021-04-25T08:42:06.780Z] CLI Version:   9.10.0
[debug] [2021-04-25T08:42:06.780Z] Platform:      win32
[debug] [2021-04-25T08:42:06.780Z] Node Version:  v12.13.1
[debug] [2021-04-25T08:42:06.782Z] Time:          Sun Apr 25 2021 14:12:06 GMT+0530 (India Standard Time)
[debug] [2021-04-25T08:42:06.782Z] ----------------------------------------------------------------------
[debug] 
[info] i  Firebase optionally collects CLI usage and error reporting information to help improve our products. Data is collected in accordance with Google's privacy policy (https://policies.google.com/privacy) and is not used to identify you.
 
[info] i  To change your data collection preference at any time, run `firebase logout` and log in again. 
[info] 
[info] Visit this URL on any device to log in:
[info] https://accounts.google.com/o/oauth2/auth?client_id=563584335869-fgrhgmd47bqnekij5i8b5pr03ho849e6.apps.googleusercontent.com&scope=email%20openid%20https%3A%2F%2Fwww.googleapis.com%2Fauth%2Fcloudplatformprojects.readonly%20https%3A%2F%2Fwww.googleapis.com%2Fauth%2Ffirebase%20https%3A%2F%2Fwww.googleapis.com%2Fauth%2Fcloud-platform&response_type=code&state=572583833&redirect_uri=urn%3Aietf%3Awg%3Aoauth%3A2.0%3Aoob
[info] 
[debug] [2021-04-25T08:42:22.606Z] Error: spawn cmd ENOENT
    at Process.ChildProcess._handle.onexit (internal/child_process.js:264:19)
    at onErrorNT (internal/child_process.js:456:16)
    at processTicksAndRejections (internal/process/task_queues.js:80:21)
[error] 
[error] Error: An unexpected error has occurred.
[debug] [2021-04-25T08:42:30.836Z] ----------------------------------------------------------------------
[debug] [2021-04-25T08:42:30.840Z] Command:       C:\Program Files (x86)\nodejs\node.exe C:\Users\nagarjuna.m.n\AppData\Roaming\npm\node_modules\firebase-tools\lib\bin\firebase.js login --no-localhost
[debug] [2021-04-25T08:42:30.840Z] CLI Version:   9.10.0
[debug] [2021-04-25T08:42:30.840Z] Platform:      win32
[debug] [2021-04-25T08:42:30.840Z] Node Version:  v12.13.1
[debug] [2021-04-25T08:42:30.842Z] Time:          Sun Apr 25 2021 14:12:30 GMT+0530 (India Standard Time)
[debug] [2021-04-25T08:42:30.842Z] ----------------------------------------------------------------------
[debug] 
[info] i  Firebase optionally collects CLI usage and error reporting information to help improve our products. Data is collected in accordance with Google's privacy policy (https://policies.google.com/privacy) and is not used to identify you.
 
[info] i  To change your data collection preference at any time, run `firebase logout` and log in again. 
[info] 
[info] Visit this URL on any device to log in:
[info] https://accounts.google.com/o/oauth2/auth?client_id=563584335869-fgrhgmd47bqnekij5i8b5pr03ho849e6.apps.googleusercontent.com&scope=email%20openid%20https%3A%2F%2Fwww.googleapis.com%2Fauth%2Fcloudplatformprojects.readonly%20https%3A%2F%2Fwww.googleapis.com%2Fauth%2Ffirebase%20https%3A%2F%2Fwww.googleapis.com%2Fauth%2Fcloud-platform&response_type=code&state=314265156&redirect_uri=urn%3Aietf%3Awg%3Aoauth%3A2.0%3Aoob
[info] 
[debug] [2021-04-25T08:42:32.460Z] Error: spawn cmd ENOENT
    at Process.ChildProcess._handle.onexit (internal/child_process.js:264:19)
    at onErrorNT (internal/child_process.js:456:16)
    at processTicksAndRejections (internal/process/task_queues.js:80:21)
[error] 
[error] Error: An unexpected error has occurred.
